<?xml version="1.0" encoding="UTF-8"?>
<!-- Generated by org.testng.reporters.JUnitReportReporter -->
<testsuite hostname="QKNBK3030" failures="0" tests="1" name="com.Entrata.Tests.BaseCampRegistrationTest" time="39.830" errors="0" timestamp="2024-03-02T17:02:58 IST" skipped="0">
  <testcase classname="com.Entrata.Tests.BaseCampRegistrationTest" name="BaseCampRegistration" time="39.830"/>
</testsuite> <!-- com.Entrata.Tests.BaseCampRegistrationTest -->
