<?xml version="1.0" encoding="UTF-8"?>
<!-- Generated by org.testng.reporters.JUnitReportReporter -->
<testsuite hostname="QKNBK3030" failures="0" tests="1" name="com.Entrata.Tests.SampleTest" time="46.093" errors="0" timestamp="2024-03-07T11:11:08 IST" skipped="0">
  <testcase classname="com.Entrata.Tests.SampleTest" name="InvalidLoginPropertyManager" time="46.093"/>
</testsuite> <!-- com.Entrata.Tests.SampleTest -->
